<?xml version="1.0" encoding="UTF-8"?>
<testng-results skipped="0" failed="0" ignored="0" total="1" passed="1">
  <reporter-output>
    <line>
      <![CDATA[setting up reports and Test is getting ready]]>
    </line>
    <line>
      <![CDATA[setting done-Test can be started]]>
    </line>
    <line>
      <![CDATA[Browsser and Application is up & runnig]]>
    </line>
    <line>
      <![CDATA[Test s about to end]]>
    </line>
    <line>
      <![CDATA[Test completed >> Reports generated]]>
    </line>
  </reporter-output>
  <suite name="Suite" duration-ms="25694" started-at="2021-03-13T19:46:04Z" finished-at="2021-03-13T19:46:30Z">
    <groups>
    </groups>
    <test name="Test" duration-ms="25694" started-at="2021-03-13T19:46:04Z" finished-at="2021-03-13T19:46:30Z">
      <class name="testcases.LoginTest">
        <test-method status="PASS" signature="setUpSuite()[pri:0, instance:testcases.LoginTest@61a485d2]" name="setUpSuite" is-config="true" duration-ms="1943" started-at="2021-03-14T01:16:02Z" finished-at="2021-03-14T01:16:04Z">
          <reporter-output>
            <line>
              <![CDATA[setting up reports and Test is getting ready]]>
            </line>
            <line>
              <![CDATA[setting done-Test can be started]]>
            </line>
          </reporter-output>
        </test-method> <!-- setUpSuite -->
        <test-method status="PASS" signature="setup(java.lang.String, java.lang.String)[pri:0, instance:testcases.LoginTest@61a485d2]" name="setup" is-config="true" duration-ms="16019" started-at="2021-03-14T01:16:04Z" finished-at="2021-03-14T01:16:20Z">
          <params>
            <param index="0">
              <value>
                <![CDATA[Chrome]]>
              </value>
            </param>
            <param index="1">
              <value>
                <![CDATA[https://ui.cogmento.com/]]>
              </value>
            </param>
          </params>
          <reporter-output>
            <line>
              <![CDATA[Browsser and Application is up & runnig]]>
            </line>
          </reporter-output>
        </test-method> <!-- setup -->
        <test-method status="PASS" signature="loginApp()[pri:1, instance:testcases.LoginTest@61a485d2]" name="loginApp" duration-ms="6961" started-at="2021-03-14T01:16:20Z" finished-at="2021-03-14T01:16:27Z">
          <reporter-output>
          </reporter-output>
        </test-method> <!-- loginApp -->
        <test-method status="PASS" signature="TearDownMethod(org.testng.ITestResult)[pri:0, instance:testcases.LoginTest@61a485d2]" name="TearDownMethod" is-config="true" duration-ms="1727" started-at="2021-03-14T01:16:27Z" finished-at="2021-03-14T01:16:29Z">
          <params>
            <param index="0">
              <value>
                <![CDATA[[TestResult name=loginApp status=SUCCESS method=LoginTest.loginApp()[pri:1, instance:testcases.LoginTest@61a485d2] output={null}]]]>
              </value>
            </param>
          </params>
          <reporter-output>
            <line>
              <![CDATA[Test s about to end]]>
            </line>
            <line>
              <![CDATA[Test completed >> Reports generated]]>
            </line>
          </reporter-output>
        </test-method> <!-- TearDownMethod -->
        <test-method status="PASS" signature="tearDown()[pri:0, instance:testcases.LoginTest@61a485d2]" name="tearDown" is-config="true" duration-ms="949" started-at="2021-03-14T01:16:29Z" finished-at="2021-03-14T01:16:30Z">
          <reporter-output>
          </reporter-output>
        </test-method> <!-- tearDown -->
      </class> <!-- testcases.LoginTest -->
    </test> <!-- Test -->
  </suite> <!-- Suite -->
</testng-results>
